<?xml version="1.0" encoding="UTF-8"?>
<!-- Generated by org.testng.reporters.JUnitReportReporter -->
<testsuite skipped="0" hostname="sumana-PC" name="com.orangehrm.tests.LoginTest" tests="1" failures="0" timestamp="01 Jan 2020 09:32:38 GMT" time="6.641" errors="0">
  <testcase name="testcase1" time="6.641" classname="com.orangehrm.tests.LoginTest"/>
</testsuite> <!-- com.orangehrm.tests.LoginTest -->
